<?xml version="1.0" ?>
<coverage version="7.10.3" timestamp="1755125698318" lines-valid="656" lines-covered="390" line-rate="0.5945" branches-covered="0" branches-valid="0" branch-rate="0" complexity="0">
	<!-- Generated by coverage.py: https://coverage.readthedocs.io/en/7.10.3 -->
	<!-- Based on https://raw.githubusercontent.com/cobertura/web/master/htdocs/xml/coverage-04.dtd -->
	<sources>
		<source>/Users/jayminwest/Projects/kota-db/clients/python/kotadb</source>
	</sources>
	<packages>
		<package name="." line-rate="0.5945" branch-rate="0" complexity="0">
			<classes>
				<class name="__init__.py" filename="__init__.py" complexity="0" line-rate="1" branch-rate="0">
					<methods/>
					<lines>
						<line number="14" hits="1"/>
						<line number="15" hits="1"/>
						<line number="16" hits="1"/>
						<line number="17" hits="1"/>
						<line number="25" hits="1"/>
						<line number="26" hits="1"/>
						<line number="28" hits="1"/>
						<line number="29" hits="1"/>
					</lines>
				</class>
				<class name="builders.py" filename="builders.py" complexity="0" line-rate="0.9171" branch-rate="0">
					<methods/>
					<lines>
						<line number="8" hits="1"/>
						<line number="9" hits="1"/>
						<line number="11" hits="1"/>
						<line number="18" hits="1"/>
						<line number="19" hits="1"/>
						<line number="20" hits="1"/>
						<line number="23" hits="1"/>
						<line number="40" hits="1"/>
						<line number="42" hits="1"/>
						<line number="43" hits="1"/>
						<line number="44" hits="1"/>
						<line number="45" hits="1"/>
						<line number="46" hits="1"/>
						<line number="47" hits="1"/>
						<line number="49" hits="1"/>
						<line number="62" hits="1"/>
						<line number="63" hits="1"/>
						<line number="65" hits="1"/>
						<line number="66" hits="1"/>
						<line number="68" hits="1"/>
						<line number="81" hits="1"/>
						<line number="82" hits="1"/>
						<line number="84" hits="1"/>
						<line number="85" hits="1"/>
						<line number="87" hits="1"/>
						<line number="97" hits="1"/>
						<line number="98" hits="1"/>
						<line number="100" hits="1"/>
						<line number="113" hits="1"/>
						<line number="114" hits="1"/>
						<line number="115" hits="1"/>
						<line number="116" hits="1"/>
						<line number="118" hits="1"/>
						<line number="131" hits="1"/>
						<line number="132" hits="1"/>
						<line number="133" hits="1"/>
						<line number="134" hits="1"/>
						<line number="136" hits="1"/>
						<line number="147" hits="1"/>
						<line number="148" hits="1"/>
						<line number="150" hits="1"/>
						<line number="160" hits="0"/>
						<line number="161" hits="0"/>
						<line number="163" hits="1"/>
						<line number="176" hits="1"/>
						<line number="177" hits="1"/>
						<line number="179" hits="0"/>
						<line number="180" hits="1"/>
						<line number="182" hits="1"/>
						<line number="189" hits="1"/>
						<line number="190" hits="1"/>
						<line number="192" hits="1"/>
						<line number="202" hits="1"/>
						<line number="203" hits="1"/>
						<line number="205" hits="1"/>
						<line number="206" hits="1"/>
						<line number="208" hits="1"/>
						<line number="209" hits="1"/>
						<line number="211" hits="1"/>
						<line number="219" hits="1"/>
						<line number="229" hits="1"/>
						<line number="230" hits="0"/>
						<line number="232" hits="1"/>
						<line number="233" hits="0"/>
						<line number="235" hits="1"/>
						<line number="236" hits="0"/>
						<line number="238" hits="1"/>
						<line number="241" hits="1"/>
						<line number="242" hits="1"/>
						<line number="243" hits="1"/>
						<line number="244" hits="0"/>
						<line number="245" hits="0"/>
						<line number="246" hits="0"/>
						<line number="247" hits="0"/>
						<line number="248" hits="0"/>
						<line number="249" hits="0"/>
						<line number="251" hits="0"/>
						<line number="253" hits="1"/>
						<line number="255" hits="1"/>
						<line number="268" hits="1"/>
						<line number="283" hits="1"/>
						<line number="285" hits="1"/>
						<line number="286" hits="1"/>
						<line number="287" hits="1"/>
						<line number="288" hits="1"/>
						<line number="289" hits="1"/>
						<line number="291" hits="1"/>
						<line number="304" hits="1"/>
						<line number="305" hits="1"/>
						<line number="306" hits="1"/>
						<line number="307" hits="1"/>
						<line number="309" hits="1"/>
						<line number="322" hits="1"/>
						<line number="323" hits="1"/>
						<line number="324" hits="1"/>
						<line number="325" hits="1"/>
						<line number="326" hits="1"/>
						<line number="327" hits="1"/>
						<line number="329" hits="1"/>
						<line number="342" hits="1"/>
						<line number="343" hits="1"/>
						<line number="344" hits="1"/>
						<line number="345" hits="1"/>
						<line number="347" hits="1"/>
						<line number="360" hits="1"/>
						<line number="361" hits="1"/>
						<line number="362" hits="1"/>
						<line number="363" hits="1"/>
						<line number="365" hits="1"/>
						<line number="376" hits="1"/>
						<line number="377" hits="1"/>
						<line number="379" hits="1"/>
						<line number="392" hits="1"/>
						<line number="393" hits="1"/>
						<line number="395" hits="1"/>
						<line number="405" hits="1"/>
						<line number="407" hits="1"/>
						<line number="417" hits="1"/>
						<line number="418" hits="1"/>
						<line number="420" hits="1"/>
						<line number="422" hits="1"/>
						<line number="423" hits="1"/>
						<line number="425" hits="1"/>
						<line number="426" hits="1"/>
						<line number="428" hits="1"/>
						<line number="429" hits="0"/>
						<line number="432" hits="1"/>
						<line number="434" hits="1"/>
						<line number="436" hits="1"/>
						<line number="446" hits="1"/>
						<line number="447" hits="0"/>
						<line number="449" hits="1"/>
						<line number="451" hits="1"/>
						<line number="452" hits="1"/>
						<line number="454" hits="1"/>
						<line number="455" hits="0"/>
						<line number="458" hits="1"/>
						<line number="460" hits="1"/>
						<line number="462" hits="1"/>
						<line number="469" hits="1"/>
						<line number="471" hits="1"/>
						<line number="472" hits="1"/>
						<line number="474" hits="1"/>
						<line number="477" hits="1"/>
						<line number="492" hits="1"/>
						<line number="494" hits="1"/>
						<line number="495" hits="1"/>
						<line number="496" hits="1"/>
						<line number="497" hits="1"/>
						<line number="499" hits="1"/>
						<line number="512" hits="1"/>
						<line number="513" hits="1"/>
						<line number="514" hits="1"/>
						<line number="516" hits="1"/>
						<line number="517" hits="1"/>
						<line number="519" hits="1"/>
						<line number="529" hits="1"/>
						<line number="530" hits="1"/>
						<line number="532" hits="1"/>
						<line number="545" hits="1"/>
						<line number="546" hits="1"/>
						<line number="547" hits="1"/>
						<line number="548" hits="1"/>
						<line number="550" hits="1"/>
						<line number="560" hits="1"/>
						<line number="561" hits="1"/>
						<line number="562" hits="1"/>
						<line number="564" hits="1"/>
						<line number="577" hits="1"/>
						<line number="578" hits="1"/>
						<line number="579" hits="1"/>
						<line number="581" hits="1"/>
						<line number="582" hits="1"/>
						<line number="583" hits="1"/>
						<line number="585" hits="1"/>
						<line number="596" hits="1"/>
						<line number="597" hits="1"/>
						<line number="599" hits="1"/>
						<line number="609" hits="1"/>
						<line number="610" hits="1"/>
						<line number="612" hits="1"/>
						<line number="619" hits="1"/>
						<line number="622" hits="1"/>
						<line number="623" hits="1"/>
						<line number="626" hits="1"/>
						<line number="627" hits="1"/>
						<line number="628" hits="1"/>
						<line number="629" hits="1"/>
						<line number="630" hits="1"/>
						<line number="631" hits="1"/>
						<line number="634" hits="1"/>
						<line number="635" hits="1"/>
						<line number="637" hits="1"/>
					</lines>
				</class>
				<class name="client.py" filename="client.py" complexity="0" line-rate="0.1875" branch-rate="0">
					<methods/>
					<lines>
						<line number="7" hits="1"/>
						<line number="8" hits="1"/>
						<line number="9" hits="1"/>
						<line number="11" hits="1"/>
						<line number="12" hits="1"/>
						<line number="13" hits="1"/>
						<line number="15" hits="1"/>
						<line number="16" hits="1"/>
						<line number="19" hits="1"/>
						<line number="42" hits="1"/>
						<line number="52" hits="0"/>
						<line number="53" hits="0"/>
						<line number="56" hits="0"/>
						<line number="57" hits="0"/>
						<line number="62" hits="0"/>
						<line number="63" hits="0"/>
						<line number="64" hits="0"/>
						<line number="67" hits="0"/>
						<line number="69" hits="1"/>
						<line number="76" hits="0"/>
						<line number="78" hits="1"/>
						<line number="80" hits="0"/>
						<line number="81" hits="0"/>
						<line number="82" hits="0"/>
						<line number="83" hits="0"/>
						<line number="86" hits="0"/>
						<line number="88" hits="0"/>
						<line number="89" hits="0"/>
						<line number="92" hits="0"/>
						<line number="93" hits="0"/>
						<line number="96" hits="0"/>
						<line number="98" hits="1"/>
						<line number="100" hits="0"/>
						<line number="101" hits="0"/>
						<line number="102" hits="0"/>
						<line number="103" hits="0"/>
						<line number="104" hits="0"/>
						<line number="105" hits="0"/>
						<line number="107" hits="1"/>
						<line number="109" hits="0"/>
						<line number="111" hits="0"/>
						<line number="112" hits="0"/>
						<line number="114" hits="0"/>
						<line number="115" hits="0"/>
						<line number="116" hits="0"/>
						<line number="117" hits="0"/>
						<line number="118" hits="0"/>
						<line number="119" hits="0"/>
						<line number="120" hits="0"/>
						<line number="121" hits="0"/>
						<line number="122" hits="0"/>
						<line number="124" hits="0"/>
						<line number="126" hits="0"/>
						<line number="127" hits="0"/>
						<line number="129" hits="1"/>
						<line number="141" hits="0"/>
						<line number="142" hits="0"/>
						<line number="143" hits="0"/>
						<line number="144" hits="0"/>
						<line number="145" hits="0"/>
						<line number="147" hits="0"/>
						<line number="148" hits="0"/>
						<line number="150" hits="1"/>
						<line number="164" hits="0"/>
						<line number="165" hits="0"/>
						<line number="166" hits="0"/>
						<line number="167" hits="0"/>
						<line number="168" hits="0"/>
						<line number="170" hits="0"/>
						<line number="171" hits="0"/>
						<line number="173" hits="1"/>
						<line number="188" hits="0"/>
						<line number="189" hits="0"/>
						<line number="190" hits="0"/>
						<line number="191" hits="0"/>
						<line number="192" hits="0"/>
						<line number="194" hits="0"/>
						<line number="195" hits="0"/>
						<line number="197" hits="1"/>
						<line number="207" hits="0"/>
						<line number="208" hits="0"/>
						<line number="210" hits="1"/>
						<line number="220" hits="0"/>
						<line number="222" hits="0"/>
						<line number="223" hits="0"/>
						<line number="224" hits="0"/>
						<line number="225" hits="0"/>
						<line number="228" hits="0"/>
						<line number="236" hits="0"/>
						<line number="237" hits="0"/>
						<line number="238" hits="0"/>
						<line number="240" hits="1"/>
						<line number="252" hits="0"/>
						<line number="253" hits="0"/>
						<line number="254" hits="0"/>
						<line number="255" hits="0"/>
						<line number="256" hits="0"/>
						<line number="257" hits="0"/>
						<line number="259" hits="0"/>
						<line number="260" hits="0"/>
						<line number="262" hits="1"/>
						<line number="272" hits="0"/>
						<line number="273" hits="0"/>
						<line number="275" hits="1"/>
						<line number="286" hits="0"/>
						<line number="287" hits="0"/>
						<line number="288" hits="0"/>
						<line number="290" hits="0"/>
						<line number="291" hits="0"/>
						<line number="292" hits="0"/>
						<line number="294" hits="1"/>
						<line number="301" hits="0"/>
						<line number="302" hits="0"/>
						<line number="304" hits="1"/>
						<line number="311" hits="0"/>
						<line number="312" hits="0"/>
						<line number="314" hits="1"/>
						<line number="316" hits="0"/>
						<line number="318" hits="1"/>
						<line number="320" hits="0"/>
						<line number="322" hits="1"/>
						<line number="324" hits="0"/>
						<line number="328" hits="1"/>
						<line number="338" hits="0"/>
						<line number="339" hits="0"/>
						<line number="340" hits="0"/>
						<line number="342" hits="0"/>
						<line number="343" hits="0"/>
						<line number="345" hits="1"/>
						<line number="355" hits="0"/>
						<line number="356" hits="0"/>
						<line number="357" hits="0"/>
						<line number="359" hits="0"/>
						<line number="360" hits="0"/>
						<line number="361" hits="0"/>
						<line number="363" hits="1"/>
						<line number="373" hits="0"/>
						<line number="374" hits="0"/>
						<line number="375" hits="0"/>
						<line number="377" hits="0"/>
						<line number="378" hits="0"/>
						<line number="379" hits="0"/>
						<line number="381" hits="1"/>
						<line number="391" hits="0"/>
						<line number="392" hits="0"/>
						<line number="393" hits="0"/>
						<line number="395" hits="0"/>
						<line number="396" hits="0"/>
						<line number="397" hits="0"/>
						<line number="398" hits="0"/>
						<line number="400" hits="1"/>
						<line number="411" hits="0"/>
						<line number="412" hits="0"/>
						<line number="413" hits="0"/>
						<line number="415" hits="0"/>
						<line number="418" hits="0"/>
						<line number="421" hits="0"/>
						<line number="422" hits="0"/>
						<line number="423" hits="0"/>
						<line number="425" hits="0"/>
						<line number="426" hits="0"/>
						<line number="427" hits="0"/>
						<line number="428" hits="0"/>
						<line number="430" hits="0"/>
						<line number="432" hits="0"/>
						<line number="434" hits="0"/>
						<line number="435" hits="0"/>
						<line number="436" hits="0"/>
						<line number="438" hits="0"/>
						<line number="439" hits="0"/>
						<line number="440" hits="0"/>
						<line number="442" hits="0"/>
						<line number="444" hits="0"/>
						<line number="446" hits="0"/>
						<line number="450" hits="1"/>
						<line number="461" hits="0"/>
					</lines>
				</class>
				<class name="exceptions.py" filename="exceptions.py" complexity="0" line-rate="0.7692" branch-rate="0">
					<methods/>
					<lines>
						<line number="6" hits="1"/>
						<line number="9" hits="1"/>
						<line number="12" hits="1"/>
						<line number="15" hits="1"/>
						<line number="18" hits="1"/>
						<line number="21" hits="1"/>
						<line number="24" hits="1"/>
						<line number="27" hits="1"/>
						<line number="30" hits="1"/>
						<line number="33" hits="1"/>
						<line number="34" hits="0"/>
						<line number="35" hits="0"/>
						<line number="36" hits="0"/>
					</lines>
				</class>
				<class name="types.py" filename="types.py" complexity="0" line-rate="0.6667" branch-rate="0">
					<methods/>
					<lines>
						<line number="5" hits="1"/>
						<line number="6" hits="1"/>
						<line number="7" hits="1"/>
						<line number="10" hits="1"/>
						<line number="11" hits="1"/>
						<line number="14" hits="1"/>
						<line number="15" hits="1"/>
						<line number="16" hits="1"/>
						<line number="17" hits="1"/>
						<line number="18" hits="1"/>
						<line number="19" hits="1"/>
						<line number="20" hits="1"/>
						<line number="21" hits="1"/>
						<line number="22" hits="1"/>
						<line number="24" hits="1"/>
						<line number="25" hits="1"/>
						<line number="28" hits="1"/>
						<line number="29" hits="1"/>
						<line number="31" hits="0"/>
						<line number="34" hits="1"/>
						<line number="35" hits="1"/>
						<line number="37" hits="1"/>
						<line number="38" hits="0"/>
						<line number="40" hits="1"/>
						<line number="42" hits="1"/>
						<line number="43" hits="0"/>
						<line number="45" hits="1"/>
						<line number="47" hits="1"/>
						<line number="59" hits="1"/>
						<line number="62" hits="0"/>
						<line number="63" hits="0"/>
						<line number="64" hits="0"/>
						<line number="65" hits="0"/>
						<line number="66" hits="0"/>
						<line number="68" hits="0"/>
						<line number="78" hits="1"/>
						<line number="79" hits="1"/>
						<line number="82" hits="1"/>
						<line number="83" hits="1"/>
						<line number="84" hits="1"/>
						<line number="86" hits="1"/>
						<line number="87" hits="1"/>
						<line number="89" hits="0"/>
						<line number="96" hits="1"/>
						<line number="97" hits="1"/>
						<line number="100" hits="1"/>
						<line number="101" hits="1"/>
						<line number="102" hits="1"/>
						<line number="104" hits="1"/>
						<line number="105" hits="1"/>
						<line number="108" hits="0"/>
						<line number="109" hits="0"/>
						<line number="111" hits="0"/>
						<line number="115" hits="0"/>
						<line number="122" hits="1"/>
						<line number="123" hits="1"/>
						<line number="126" hits="1"/>
						<line number="127" hits="1"/>
						<line number="128" hits="1"/>
						<line number="129" hits="1"/>
						<line number="130" hits="1"/>
						<line number="132" hits="1"/>
						<line number="135" hits="0"/>
						<line number="136" hits="0"/>
						<line number="137" hits="0"/>
						<line number="138" hits="0"/>
						<line number="139" hits="0"/>
						<line number="141" hits="0"/>
						<line number="142" hits="0"/>
						<line number="143" hits="0"/>
						<line number="144" hits="0"/>
						<line number="145" hits="0"/>
						<line number="146" hits="0"/>
						<line number="150" hits="1"/>
						<line number="151" hits="1"/>
					</lines>
				</class>
				<class name="validated_types.py" filename="validated_types.py" complexity="0" line-rate="0.5656" branch-rate="0">
					<methods/>
					<lines>
						<line number="8" hits="1"/>
						<line number="9" hits="1"/>
						<line number="10" hits="1"/>
						<line number="12" hits="1"/>
						<line number="23" hits="1"/>
						<line number="35" hits="1"/>
						<line number="45" hits="1"/>
						<line number="46" hits="1"/>
						<line number="48" hits="1"/>
						<line number="49" hits="1"/>
						<line number="62" hits="0"/>
						<line number="64" hits="1"/>
						<line number="66" hits="1"/>
						<line number="68" hits="1"/>
						<line number="69" hits="0"/>
						<line number="74" hits="1"/>
						<line number="75" hits="0"/>
						<line number="76" hits="0"/>
						<line number="77" hits="0"/>
						<line number="78" hits="0"/>
						<line number="79" hits="0"/>
						<line number="81" hits="1"/>
						<line number="82" hits="0"/>
						<line number="85" hits="1"/>
						<line number="93" hits="1"/>
						<line number="103" hits="0"/>
						<line number="104" hits="0"/>
						<line number="107" hits="1"/>
						<line number="116" hits="1"/>
						<line number="126" hits="1"/>
						<line number="127" hits="1"/>
						<line number="129" hits="1"/>
						<line number="130" hits="1"/>
						<line number="131" hits="1"/>
						<line number="133" hits="1"/>
						<line number="134" hits="1"/>
						<line number="141" hits="1"/>
						<line number="143" hits="1"/>
						<line number="144" hits="1"/>
						<line number="157" hits="0"/>
						<line number="159" hits="1"/>
						<line number="160" hits="1"/>
						<line number="173" hits="0"/>
						<line number="175" hits="1"/>
						<line number="177" hits="0"/>
						<line number="179" hits="1"/>
						<line number="181" hits="0"/>
						<line number="183" hits="1"/>
						<line number="184" hits="1"/>
						<line number="189" hits="1"/>
						<line number="190" hits="0"/>
						<line number="191" hits="0"/>
						<line number="192" hits="0"/>
						<line number="193" hits="0"/>
						<line number="194" hits="0"/>
						<line number="196" hits="1"/>
						<line number="197" hits="0"/>
						<line number="200" hits="1"/>
						<line number="209" hits="1"/>
						<line number="211" hits="1"/>
						<line number="221" hits="1"/>
						<line number="222" hits="1"/>
						<line number="224" hits="1"/>
						<line number="225" hits="1"/>
						<line number="238" hits="0"/>
						<line number="240" hits="1"/>
						<line number="242" hits="1"/>
						<line number="244" hits="1"/>
						<line number="245" hits="0"/>
						<line number="250" hits="1"/>
						<line number="251" hits="0"/>
						<line number="252" hits="0"/>
						<line number="253" hits="0"/>
						<line number="254" hits="0"/>
						<line number="255" hits="0"/>
						<line number="257" hits="1"/>
						<line number="258" hits="0"/>
						<line number="261" hits="1"/>
						<line number="269" hits="1"/>
						<line number="279" hits="0"/>
						<line number="280" hits="0"/>
						<line number="282" hits="1"/>
						<line number="283" hits="1"/>
						<line number="296" hits="0"/>
						<line number="298" hits="1"/>
						<line number="300" hits="0"/>
						<line number="302" hits="1"/>
						<line number="303" hits="0"/>
						<line number="305" hits="1"/>
						<line number="306" hits="0"/>
						<line number="311" hits="1"/>
						<line number="312" hits="0"/>
						<line number="313" hits="0"/>
						<line number="314" hits="0"/>
						<line number="315" hits="0"/>
						<line number="316" hits="0"/>
						<line number="318" hits="1"/>
						<line number="319" hits="0"/>
						<line number="322" hits="1"/>
						<line number="331" hits="1"/>
						<line number="341" hits="0"/>
						<line number="342" hits="0"/>
						<line number="344" hits="1"/>
						<line number="345" hits="1"/>
						<line number="358" hits="0"/>
						<line number="360" hits="1"/>
						<line number="361" hits="1"/>
						<line number="368" hits="0"/>
						<line number="370" hits="1"/>
						<line number="372" hits="0"/>
						<line number="374" hits="1"/>
						<line number="375" hits="0"/>
						<line number="377" hits="1"/>
						<line number="378" hits="0"/>
						<line number="383" hits="1"/>
						<line number="384" hits="0"/>
						<line number="385" hits="0"/>
						<line number="386" hits="0"/>
						<line number="387" hits="0"/>
						<line number="388" hits="0"/>
						<line number="390" hits="1"/>
						<line number="391" hits="0"/>
					</lines>
				</class>
				<class name="validation.py" filename="validation.py" complexity="0" line-rate="0.6232" branch-rate="0">
					<methods/>
					<lines>
						<line number="8" hits="1"/>
						<line number="9" hits="1"/>
						<line number="10" hits="1"/>
						<line number="11" hits="1"/>
						<line number="14" hits="1"/>
						<line number="16" hits="1"/>
						<line number="20" hits="1"/>
						<line number="21" hits="1"/>
						<line number="28" hits="1"/>
						<line number="40" hits="1"/>
						<line number="41" hits="0"/>
						<line number="43" hits="1"/>
						<line number="44" hits="0"/>
						<line number="46" hits="1"/>
						<line number="47" hits="0"/>
						<line number="50" hits="1"/>
						<line number="52" hits="1"/>
						<line number="53" hits="1"/>
						<line number="54" hits="1"/>
						<line number="57" hits="1"/>
						<line number="58" hits="1"/>
						<line number="59" hits="1"/>
						<line number="60" hits="1"/>
						<line number="61" hits="0"/>
						<line number="64" hits="1"/>
						<line number="65" hits="1"/>
						<line number="66" hits="0"/>
						<line number="67" hits="0"/>
						<line number="70" hits="1"/>
						<line number="80" hits="0"/>
						<line number="83" hits="0"/>
						<line number="84" hits="0"/>
						<line number="87" hits="1"/>
						<line number="97" hits="1"/>
						<line number="98" hits="0"/>
						<line number="100" hits="1"/>
						<line number="101" hits="1"/>
						<line number="102" hits="1"/>
						<line number="103" hits="0"/>
						<line number="104" hits="0"/>
						<line number="105" hits="0"/>
						<line number="108" hits="1"/>
						<line number="118" hits="1"/>
						<line number="119" hits="1"/>
						<line number="121" hits="1"/>
						<line number="122" hits="0"/>
						<line number="125" hits="1"/>
						<line number="135" hits="1"/>
						<line number="136" hits="0"/>
						<line number="138" hits="1"/>
						<line number="139" hits="0"/>
						<line number="142" hits="1"/>
						<line number="143" hits="1"/>
						<line number="146" hits="1"/>
						<line number="156" hits="1"/>
						<line number="157" hits="1"/>
						<line number="159" hits="1"/>
						<line number="160" hits="0"/>
						<line number="163" hits="1"/>
						<line number="173" hits="0"/>
						<line number="174" hits="0"/>
						<line number="177" hits="0"/>
						<line number="178" hits="0"/>
						<line number="179" hits="0"/>
						<line number="182" hits="1"/>
						<line number="192" hits="0"/>
						<line number="193" hits="0"/>
						<line number="196" hits="0"/>
						<line number="197" hits="0"/>
					</lines>
				</class>
			</classes>
		</package>
	</packages>
</coverage>
